TN:
SF:D:/RND/saniztize/index.js
FN:7,AsyncAwaitRND
FN:19,(anonymous_15)
FN:26,(anonymous_17)
FN:34,(anonymous_19)
FN:46,(anonymous_23)
FNF:5
FNH:5
FNDA:2,AsyncAwaitRND
FNDA:1,(anonymous_15)
FNDA:1,(anonymous_17)
FNDA:1,(anonymous_19)
FNDA:1,(anonymous_23)
DA:1,1
DA:2,1
DA:4,1
DA:7,2
DA:12,1
DA:13,1
DA:14,1
DA:16,1
DA:19,1
DA:20,1
DA:21,1
DA:26,1
DA:27,1
DA:28,1
DA:34,1
DA:35,1
DA:36,1
DA:42,1
DA:47,1
DA:48,1
DA:50,1
DA:55,1
LF:22
LH:22
BRF:0
BRH:0
end_of_record
TN:
SF:D:/RND/saniztize/testing.js
FN:2,Test
FNF:1
FNH:1
FNDA:1,Test
DA:2,1
DA:7,1
DA:8,1
DA:12,1
LF:4
LH:4
BRF:0
BRH:0
end_of_record
